0 info it worked if it ends with ok
1 verbose cli [ 'C:\\Program Files\\nodejs\\node.exe',
1 verbose cli   'C:\\Users\\Clive\\AppData\\Roaming\\npm\\node_modules\\npm\\bin\\npm-cli.js',
1 verbose cli   'publish' ]
2 info using npm@3.10.6
3 info using node@v4.4.7
4 verbose publish [ '.' ]
5 silly cache add args [ '.', null ]
6 verbose cache add spec .
7 silly cache add parsed spec Result {
7 silly cache add   raw: '.',
7 silly cache add   scope: null,
7 silly cache add   escapedName: null,
7 silly cache add   name: null,
7 silly cache add   rawSpec: '.',
7 silly cache add   spec: 'C:\\Users\\Clive\\github\\Work\\mindelay',
7 silly cache add   type: 'directory' }
8 verbose addLocalDirectory C:\Users\Clive\AppData\Roaming\npm-cache\mindelay\1.0.4\package.tgz not in flight; packing
9 verbose correctMkdir C:\Users\Clive\AppData\Roaming\npm-cache correctMkdir not in flight; initializing
10 info lifecycle mindelay@1.0.4~prepublish: mindelay@1.0.4
11 silly lifecycle mindelay@1.0.4~prepublish: no script for prepublish, continuing
12 verbose tar pack [ 'C:\\Users\\Clive\\AppData\\Roaming\\npm-cache\\mindelay\\1.0.4\\package.tgz',
12 verbose tar pack   'C:\\Users\\Clive\\github\\Work\\mindelay' ]
13 verbose tarball C:\Users\Clive\AppData\Roaming\npm-cache\mindelay\1.0.4\package.tgz
14 verbose folder C:\Users\Clive\github\Work\mindelay
15 verbose addLocalTarball adding from inside cache C:\Users\Clive\AppData\Roaming\npm-cache\mindelay\1.0.4\package.tgz
16 verbose correctMkdir C:\Users\Clive\AppData\Roaming\npm-cache correctMkdir not in flight; initializing
17 silly cache afterAdd mindelay@1.0.4
18 verbose afterAdd C:\Users\Clive\AppData\Roaming\npm-cache\mindelay\1.0.4\package\package.json not in flight; writing
19 verbose correctMkdir C:\Users\Clive\AppData\Roaming\npm-cache correctMkdir not in flight; initializing
20 verbose afterAdd C:\Users\Clive\AppData\Roaming\npm-cache\mindelay\1.0.4\package\package.json written
21 silly publish { name: 'mindelay',
21 silly publish   version: '1.0.4',
21 silly publish   description: 'Sets a minimum delay before a callback can be called, no matter how long it takes for the caller to call it.',
21 silly publish   main: 'mindelay.js',
21 silly publish   scripts:
21 silly publish    { test: 'node node_modules/mocha/bin/mocha test && echo All tests pass. && npm run lint',
21 silly publish      lint: 'node node_modules/eslint/bin/eslint.js mindelay.js test && echo Linting passes.' },
21 silly publish   repository:
21 silly publish    { type: 'git',
21 silly publish      url: 'git+https://github.com/SkillFlowHQ/node-mindelay.git' },
21 silly publish   author: { name: 'Clive Chan', url: 'cc@clive.io' },
21 silly publish   contributors: [ { name: 'David Tesler' } ],
21 silly publish   license: 'MIT',
21 silly publish   bugs: { url: 'https://github.com/SkillFlowHQ/node-mindelay/issues' },
21 silly publish   homepage: 'https://github.com/SkillFlowHQ/node-mindelay#readme',
21 silly publish   keywords:
21 silly publish    [ 'delay',
21 silly publish      'timeout',
21 silly publish      'set',
21 silly publish      'settimeout',
21 silly publish      'min',
21 silly publish      'minimum',
21 silly publish      'rate',
21 silly publish      'limit',
21 silly publish      'bot',
21 silly publish      'tools' ],
21 silly publish   devDependencies:
21 silly publish    { chai: '^3.5.0',
21 silly publish      eslint: '^3.2.2',
21 silly publish      'eslint-config-google': '^0.6.0',
21 silly publish      mocha: '^3.0.1' },
21 silly publish   readme: 'mindelay [![CircleCI Status](https://img.shields.io/circleci/project/SkillFlowHQ/node-mindelay.svg)](https://circleci.com/gh/SkillFlowHQ/node-mindelay) [![NPM Version](https://img.shields.io/npm/v/mindelay.svg)](https://npmjs.com/package/mindelay) [![NPM Downloads](https://img.shields.io/npm/dm/mindelay.svg)](https://npmjs.com/package/mindelay) [![bitHound Overall Score](https://www.bithound.io/github/SkillFlowHQ/node-mindelay/badges/score.svg)](https://www.bithound.io/github/SkillFlowHQ/node-mindelay)\r\n========\r\n\r\n\r\n\r\nPronounced as one word. Sets a minimum delay before a callback can be called, no matter how long it takes for the caller to call it.\r\n\r\n\r\nSpec\r\n----\r\n```javascript\r\nfunction mindelay(function callback, number delayMS)\r\n  // Adds a minimum delay in milliseconds to a callback, however long the caller takes to call it.\r\n  // Returns callback wrapped with delay code.\r\n  //   If the wrapped callback is called before the delay is expired, it still waits until the end of the delay.\r\n  //   If the wrapped callback is called after the delay is expired, it executes immediately.\r\n  //   If you need to invoke the callback immediately and ignore any possible delay, calling wrappedCallback.call(...) will do that for you.\r\n  //   Alternatively, calling wrappedCallback.cancel() will cancel any delay, so that next time you call it it will execute immediately.\r\n  //\r\n  // If arguments callback, delayMS are reversed, it\'ll still work fine.\r\n  // An exception is thrown if arguments have incorrect types.\r\n  //\r\n```\r\n\r\nInstall\r\n-------\r\n\r\nOn command line:\r\n```shell\r\n$ npm install --save mindelay\r\n```\r\nIn NodeJS:\r\n```javascript\r\nlet mindelay = require(\'mindelay\');\r\n```\r\nAlternatively, in browser JavaScript:\r\n```html\r\n<script src="path/to/mindelay.js"></script>\r\n```\r\n\r\nUsage\r\n-----\r\n\r\nWe\'re using the usecase of an API response, which illustrates the utility of `mindelay` best \r\nand is how we use `mindelay` in production.\r\n\r\nInstead of something like this, which responds as soon as the API responds\r\n```javascript\r\napiCall(data, function(response){\r\n  //blah\r\n});\r\n```\r\nor something like this, which adds a fixed delay of one second to the API response time, no matter how long the API response time\r\n```javascript\r\napiCall(data, function(response){\r\n  setTimeout(function(){\r\n    //blah\r\n  }, 1000)\r\n});\r\n```\r\nuse something like this, which delays by at least one second, but if the API takes a long while it will respond as soon as possible.\r\n```javascript\r\napiCall(data, mindelay(function(response){\r\n  //blah\r\n}, 1000));\r\n```\r\n\r\nExample\r\n-------\r\n\r\n![Example: chatbot](https://i.gyazo.com/315d1749ad7f6a716f649d6822b06c53.gif)\r\n\r\nPictured is a chatbot (SkillFlow) that needs to make a query to a Natural Language Processing API before it\'s able to respond.\r\nWe want to add a somewhat natural delay, but must keep in mind that the API may take any amount of time to respond, and \r\nwe can\'t just use `setTimeout` and keep the user waiting for extra long.\r\n\r\nThe solution is of course to use `mindelay` instead of `setTimeout`.\r\n\r\n-----\r\n\r\nCopyright &copy;2016 SkillFlow. MIT License. Created by [Clive Chan](https://github.com/cchan), with contributions from [David Tesler](https://github.com/dtesler).\r\n',
21 silly publish   readmeFilename: 'README.md',
21 silly publish   gitHead: '21362ffb619fffc5e93bba774cd0f09488c51d96',
21 silly publish   _id: 'mindelay@1.0.4',
21 silly publish   _shasum: 'b08b74c51d31215fea08d78f2ed3ffff4ee8eabe',
21 silly publish   _from: '.' }
22 verbose getPublishConfig undefined
23 silly mapToRegistry name mindelay
24 silly mapToRegistry using default registry
25 silly mapToRegistry registry https://registry.npmjs.org/
26 silly mapToRegistry data Result {
26 silly mapToRegistry   raw: 'mindelay',
26 silly mapToRegistry   scope: null,
26 silly mapToRegistry   escapedName: 'mindelay',
26 silly mapToRegistry   name: 'mindelay',
26 silly mapToRegistry   rawSpec: '',
26 silly mapToRegistry   spec: 'latest',
26 silly mapToRegistry   type: 'tag' }
27 silly mapToRegistry uri https://registry.npmjs.org/mindelay
28 verbose publish registryBase https://registry.npmjs.org/
29 silly publish uploading C:\Users\Clive\AppData\Roaming\npm-cache\mindelay\1.0.4\package.tgz
30 verbose request uri https://registry.npmjs.org/mindelay
31 verbose request sending authorization for write operation
32 info attempt registry request try #1 at 1:01:34 AM
33 verbose request using bearer token for auth
34 verbose request id d5d345239a81a5f2
35 http request PUT https://registry.npmjs.org/mindelay
36 http 403 https://registry.npmjs.org/mindelay
37 verbose headers { 'content-type': 'application/json',
37 verbose headers   'cache-control': 'max-age=300',
37 verbose headers   'content-length': '95',
37 verbose headers   'accept-ranges': 'bytes',
37 verbose headers   date: 'Tue, 09 Aug 2016 05:01:36 GMT',
37 verbose headers   via: '1.1 varnish',
37 verbose headers   connection: 'keep-alive',
37 verbose headers   'x-served-by': 'cache-bos8233-BOS',
37 verbose headers   'x-cache': 'MISS',
37 verbose headers   'x-cache-hits': '0',
37 verbose headers   'x-timer': 'S1470718895.719766,VS0,VE950',
37 verbose headers   vary: 'Accept-Encoding' }
38 verbose request invalidating C:\Users\Clive\AppData\Roaming\npm-cache\registry.npmjs.org\mindelay on PUT
39 error publish Failed PUT 403
40 verbose stack Error: "You cannot publish over the previously published version 1.0.4." : mindelay
40 verbose stack     at makeError (C:\Users\Clive\AppData\Roaming\npm\node_modules\npm\node_modules\npm-registry-client\lib\request.js:264:12)
40 verbose stack     at CachingRegistryClient.<anonymous> (C:\Users\Clive\AppData\Roaming\npm\node_modules\npm\node_modules\npm-registry-client\lib\request.js:252:14)
40 verbose stack     at Request._callback (C:\Users\Clive\AppData\Roaming\npm\node_modules\npm\node_modules\npm-registry-client\lib\request.js:172:14)
40 verbose stack     at Request.self.callback (C:\Users\Clive\AppData\Roaming\npm\node_modules\npm\node_modules\request\request.js:200:22)
40 verbose stack     at emitTwo (events.js:87:13)
40 verbose stack     at Request.emit (events.js:172:7)
40 verbose stack     at Request.<anonymous> (C:\Users\Clive\AppData\Roaming\npm\node_modules\npm\node_modules\request\request.js:1067:10)
40 verbose stack     at emitOne (events.js:82:20)
40 verbose stack     at Request.emit (events.js:169:7)
40 verbose stack     at IncomingMessage.<anonymous> (C:\Users\Clive\AppData\Roaming\npm\node_modules\npm\node_modules\request\request.js:988:12)
41 verbose statusCode 403
42 verbose pkgid mindelay
43 verbose cwd C:\Users\Clive\github\Work\mindelay
44 error Windows_NT 10.0.10586
45 error argv "C:\\Program Files\\nodejs\\node.exe" "C:\\Users\\Clive\\AppData\\Roaming\\npm\\node_modules\\npm\\bin\\npm-cli.js" "publish"
46 error node v4.4.7
47 error npm  v3.10.6
48 error code E403
49 error "You cannot publish over the previously published version 1.0.4." : mindelay
50 error If you need help, you may report this error at:
50 error     <https://github.com/npm/npm/issues>
51 verbose exit [ 1, true ]
